c:\users\dimsne01\source\repos\analgesic\appblock\x64\debug\vc142.pdb
c:\users\dimsne01\source\repos\analgesic\appblock\x64\debug\vc142.idb
c:\users\dimsne01\source\repos\analgesic\appblock\x64\debug\wfpsessionmanager.obj
c:\users\dimsne01\source\repos\analgesic\appblock\x64\debug\util.obj
c:\users\dimsne01\source\repos\analgesic\appblock\x64\debug\mgmtguids.obj
c:\users\dimsne01\source\repos\analgesic\appblock\x64\debug\appblock.obj
c:\users\dimsne01\source\repos\analgesic\x64\debug\appblock.ilk
c:\users\dimsne01\source\repos\analgesic\x64\debug\appblock.exe
c:\users\dimsne01\source\repos\analgesic\appblock\x64\debug\appblock.exe.intermediate.manifest
c:\users\dimsne01\source\repos\analgesic\x64\debug\appblock.pdb
c:\users\dimsne01\source\repos\analgesic\x64\debug\appblock.exe.manifest
c:\users\dimsne01\source\repos\shutter\appblock\x64\debug\appblock.obj
c:\users\dimsne01\source\repos\shutter\appblock\x64\debug\mgmtguids.obj
c:\users\dimsne01\source\repos\shutter\appblock\x64\debug\util.obj
c:\users\dimsne01\source\repos\shutter\appblock\x64\debug\wfpsessionmanager.obj
c:\users\dimsne01\source\repos\shutter\appblock\x64\debug\appblock.exe.intermediate.manifest
c:\users\dimsne01\source\repos\shutter\appblock\x64\debug\vc142.idb
c:\users\dimsne01\source\repos\shutter\appblock\x64\debug\vc142.pdb
c:\users\dimsne01\source\repos\shutter\x64\debug\appblock.exe.manifest
c:\users\dimsne01\source\repos\shutter\x64\debug\appblock.pdb
c:\users\dimsne01\source\repos\shutter\x64\debug\appblock.exe
c:\users\dimsne01\source\repos\shutter\x64\debug\appblock.ilk
c:\users\dimsne01\source\repos\shutter\appblock\x64\debug\appblock.tlog\cl.command.1.tlog
c:\users\dimsne01\source\repos\shutter\appblock\x64\debug\appblock.tlog\cl.read.1.tlog
c:\users\dimsne01\source\repos\shutter\appblock\x64\debug\appblock.tlog\cl.write.1.tlog
c:\users\dimsne01\source\repos\shutter\appblock\x64\debug\appblock.tlog\link.command.1.tlog
c:\users\dimsne01\source\repos\shutter\appblock\x64\debug\appblock.tlog\link.read.1.tlog
c:\users\dimsne01\source\repos\shutter\appblock\x64\debug\appblock.tlog\link.write.1.tlog
c:\users\dimsne01\source\repos\shutter\appblock\x64\debug\appblock.tlog\mt.command.1.tlog
c:\users\dimsne01\source\repos\shutter\appblock\x64\debug\appblock.tlog\mt.read.1.tlog
c:\users\dimsne01\source\repos\shutter\appblock\x64\debug\appblock.tlog\mt.write.1.tlog
